[0.070s] Invoking command in '/home/youngricky/graduation_project_ws/src/build/costmap_queue': CMAKE_PREFIX_PATH=${CMAKE_PREFIX_PATH}:/home/youngricky/graduation_project_ws/install/teb_msgs:/home/youngricky/gazebo_classic_ros2_ws/install/mbot_description:/home/youngricky/gazebo_classic_ros2_ws/install/argus_gazebo:/home/youngricky/webots_ws/install/webots_ros2_turtlebot_mppi:/opt/ros/humble /usr/bin/cmake /home/youngricky/graduation_project_ws/src/nav2_dwb_controller/costmap_queue -DCMAKE_INSTALL_PREFIX=/home/youngricky/graduation_project_ws/src/install/costmap_queue
[0.124s] -- The C compiler identification is GNU 11.4.0
[0.173s] -- The CXX compiler identification is GNU 11.4.0
[0.180s] -- Detecting C compiler ABI info
[0.259s] -- Detecting C compiler ABI info - done
[0.266s] -- Check for working C compiler: /usr/bin/cc - skipped
[0.266s] -- Detecting C compile features
[0.266s] -- Detecting C compile features - done
[0.269s] -- Detecting CXX compiler ABI info
[0.366s] -- Detecting CXX compiler ABI info - done
[0.373s] -- Check for working CXX compiler: /usr/bin/c++ - skipped
[0.373s] -- Detecting CXX compile features
[0.374s] -- Detecting CXX compile features - done
[0.382s] -- Found ament_cmake: 1.3.11 (/opt/ros/humble/share/ament_cmake/cmake)
[0.814s] -- Found Python3: /usr/bin/python3 (found version "3.10.12") found components: Interpreter 
[0.949s] -- Found nav2_common: 1.1.17 (/opt/ros/humble/share/nav2_common/cmake)
[0.953s] -- Found nav2_costmap_2d: 1.1.17 (/opt/ros/humble/share/nav2_costmap_2d/cmake)
[1.035s] -- Found rosidl_generator_c: 3.1.6 (/opt/ros/humble/share/rosidl_generator_c/cmake)
[1.051s] -- Found rosidl_adapter: 3.1.6 (/opt/ros/humble/share/rosidl_adapter/cmake)
[1.071s] -- Found rosidl_generator_cpp: 3.1.6 (/opt/ros/humble/share/rosidl_generator_cpp/cmake)
[1.098s] -- Using all available rosidl_typesupport_c: rosidl_typesupport_fastrtps_c;rosidl_typesupport_introspection_c
[1.132s] -- Using all available rosidl_typesupport_cpp: rosidl_typesupport_fastrtps_cpp;rosidl_typesupport_introspection_cpp
[1.307s] -- Found rmw_implementation_cmake: 6.1.2 (/opt/ros/humble/share/rmw_implementation_cmake/cmake)
[1.318s] -- Found rmw_fastrtps_cpp: 6.2.7 (/opt/ros/humble/share/rmw_fastrtps_cpp/cmake)
[1.427s] -- Found OpenSSL: /usr/lib/x86_64-linux-gnu/libcrypto.so (found version "3.0.2")  
[1.463s] -- Found FastRTPS: /opt/ros/humble/include  
[1.508s] -- Using RMW implementation 'rmw_fastrtps_cpp' as default
[1.533s] -- Looking for pthread.h
[1.597s] -- Looking for pthread.h - found
[1.597s] -- Performing Test CMAKE_HAVE_LIBC_PTHREAD
[1.661s] -- Performing Test CMAKE_HAVE_LIBC_PTHREAD - Success
[1.662s] -- Found Threads: TRUE  
[2.028s] -- Found Eigen3: TRUE (found version "3.4.0") 
[2.028s] -- Ensuring Eigen3 include directory is part of orocos-kdl CMake target
[2.154s] -- Setting build type to Release as none was specified.
[2.173s] -- Found ament_lint_auto: 0.12.11 (/opt/ros/humble/share/ament_lint_auto/cmake)
[2.270s] -- Found gtest sources under '/opt/ros/humble/src/gtest_vendor': C++ tests using 'Google Test' will be built
[2.315s] -- Added test 'cppcheck' to perform static code analysis on C / C++ code
[2.316s] -- Configured cppcheck include dirs: /home/youngricky/graduation_project_ws/src/nav2_dwb_controller/costmap_queue/include
[2.316s] -- Configured cppcheck exclude dirs and/or files: 
[2.318s] -- Added test 'cpplint' to check C / C++ code against the Google style
[2.318s] -- Configured cpplint exclude dirs and/or files: 
[2.319s] -- Added test 'lint_cmake' to check CMake code style
[2.321s] -- Added test 'uncrustify' to check C / C++ code style
[2.321s] -- Configured uncrustify additional arguments: 
[2.322s] -- Added test 'xmllint' to check XML markup files
[2.326s] -- Configuring done
[2.417s] -- Generating done
[2.431s] -- Build files have been written to: /home/youngricky/graduation_project_ws/src/build/costmap_queue
