[0.060s] Invoking command in '/home/youngricky/graduation_project_ws/src/build/teb_msgs': CMAKE_PREFIX_PATH=${CMAKE_PREFIX_PATH}:/home/youngricky/graduation_project_ws/install/teb_msgs:/home/youngricky/gazebo_classic_ros2_ws/install/mbot_description:/home/youngricky/gazebo_classic_ros2_ws/install/argus_gazebo:/home/youngricky/webots_ws/install/webots_ros2_turtlebot_mppi:/opt/ros/humble /usr/bin/cmake /home/youngricky/graduation_project_ws/src/teb_local_planner/teb_msgs -DCMAKE_INSTALL_PREFIX=/home/youngricky/graduation_project_ws/src/install/teb_msgs
[0.119s] -- The C compiler identification is GNU 11.4.0
[0.170s] -- The CXX compiler identification is GNU 11.4.0
[0.177s] -- Detecting C compiler ABI info
[0.254s] -- Detecting C compiler ABI info - done
[0.262s] -- Check for working C compiler: /usr/bin/cc - skipped
[0.262s] -- Detecting C compile features
[0.262s] -- Detecting C compile features - done
[0.265s] -- Detecting CXX compiler ABI info
[0.363s] -- Detecting CXX compiler ABI info - done
[0.371s] -- Check for working CXX compiler: /usr/bin/c++ - skipped
[0.371s] -- Detecting CXX compile features
[0.372s] -- Detecting CXX compile features - done
[0.378s] -- Found ament_cmake: 1.3.11 (/opt/ros/humble/share/ament_cmake/cmake)
[0.744s] -- Found Python3: /usr/bin/python3 (found version "3.10.12") found components: Interpreter 
[0.912s] -- Found builtin_interfaces: 1.2.1 (/opt/ros/humble/share/builtin_interfaces/cmake)
[0.963s] -- Found rosidl_generator_c: 3.1.6 (/opt/ros/humble/share/rosidl_generator_c/cmake)
[0.973s] -- Found rosidl_adapter: 3.1.6 (/opt/ros/humble/share/rosidl_adapter/cmake)
[0.985s] -- Found rosidl_generator_cpp: 3.1.6 (/opt/ros/humble/share/rosidl_generator_cpp/cmake)
[1.002s] -- Using all available rosidl_typesupport_c: rosidl_typesupport_fastrtps_c;rosidl_typesupport_introspection_c
[1.026s] -- Using all available rosidl_typesupport_cpp: rosidl_typesupport_fastrtps_cpp;rosidl_typesupport_introspection_cpp
[1.064s] [31mCMake Error at CMakeLists.txt:16 (find_package):
[1.064s]   By not providing "Findcostmap_converter_msgs.cmake" in CMAKE_MODULE_PATH
[1.064s]   this project has asked CMake to find a package configuration file provided
[1.064s]   by "costmap_converter_msgs", but CMake did not find one.
[1.064s] 
[1.064s]   Could not find a package configuration file provided by
[1.064s]   "costmap_converter_msgs" with any of the following names:
[1.064s] 
[1.064s]     costmap_converter_msgsConfig.cmake
[1.064s]     costmap_converter_msgs-config.cmake
[1.065s] 
[1.065s]   Add the installation prefix of "costmap_converter_msgs" to
[1.065s]   CMAKE_PREFIX_PATH or set "costmap_converter_msgs_DIR" to a directory
[1.065s]   containing one of the above files.  If "costmap_converter_msgs" provides a
[1.065s]   separate development package or SDK, be sure it has been installed.
[1.065s] 
[1.065s] [0m
[1.065s] -- Configuring incomplete, errors occurred!
[1.065s] See also "/home/youngricky/graduation_project_ws/src/build/teb_msgs/CMakeFiles/CMakeOutput.log".
[1.071s] Invoked command in '/home/youngricky/graduation_project_ws/src/build/teb_msgs' returned '1': CMAKE_PREFIX_PATH=${CMAKE_PREFIX_PATH}:/home/youngricky/graduation_project_ws/install/teb_msgs:/home/youngricky/gazebo_classic_ros2_ws/install/mbot_description:/home/youngricky/gazebo_classic_ros2_ws/install/argus_gazebo:/home/youngricky/webots_ws/install/webots_ros2_turtlebot_mppi:/opt/ros/humble /usr/bin/cmake /home/youngricky/graduation_project_ws/src/teb_local_planner/teb_msgs -DCMAKE_INSTALL_PREFIX=/home/youngricky/graduation_project_ws/src/install/teb_msgs
