[0.054s] Invoking command in '/home/youngricky/graduation_project_ws/src/build/ackermancar_navigation2': CMAKE_PREFIX_PATH=${CMAKE_PREFIX_PATH}:/home/youngricky/graduation_project_ws/install/teb_msgs:/home/youngricky/gazebo_classic_ros2_ws/install/mbot_description:/home/youngricky/gazebo_classic_ros2_ws/install/argus_gazebo:/home/youngricky/webots_ws/install/webots_ros2_turtlebot_mppi:/opt/ros/humble /usr/bin/cmake /home/youngricky/graduation_project_ws/src/ackermancar_navigation2 -DCMAKE_INSTALL_PREFIX=/home/youngricky/graduation_project_ws/src/install/ackermancar_navigation2
[0.110s] -- The C compiler identification is GNU 11.4.0
[0.164s] -- The CXX compiler identification is GNU 11.4.0
[0.170s] -- Detecting C compiler ABI info
[0.244s] -- Detecting C compiler ABI info - done
[0.252s] -- Check for working C compiler: /usr/bin/cc - skipped
[0.252s] -- Detecting C compile features
[0.252s] -- Detecting C compile features - done
[0.255s] -- Detecting CXX compiler ABI info
[0.352s] -- Detecting CXX compiler ABI info - done
[0.359s] -- Check for working CXX compiler: /usr/bin/c++ - skipped
[0.359s] -- Detecting CXX compile features
[0.360s] -- Detecting CXX compile features - done
[0.366s] -- Found ament_cmake: 1.3.11 (/opt/ros/humble/share/ament_cmake/cmake)
[0.764s] -- Found Python3: /usr/bin/python3 (found version "3.10.12") found components: Interpreter 
[0.935s] -- Found gazebo_msgs: 3.7.0 (/opt/ros/humble/share/gazebo_msgs/cmake)
[1.002s] -- Found rosidl_generator_c: 3.1.6 (/opt/ros/humble/share/rosidl_generator_c/cmake)
[1.012s] -- Found rosidl_adapter: 3.1.6 (/opt/ros/humble/share/rosidl_adapter/cmake)
[1.026s] -- Found rosidl_generator_cpp: 3.1.6 (/opt/ros/humble/share/rosidl_generator_cpp/cmake)
[1.047s] -- Using all available rosidl_typesupport_c: rosidl_typesupport_fastrtps_c;rosidl_typesupport_introspection_c
[1.077s] -- Using all available rosidl_typesupport_cpp: rosidl_typesupport_fastrtps_cpp;rosidl_typesupport_introspection_cpp
[1.168s] -- Found rclcpp: 16.0.11 (/opt/ros/humble/share/rclcpp/cmake)
[1.228s] -- Found rmw_implementation_cmake: 6.1.2 (/opt/ros/humble/share/rmw_implementation_cmake/cmake)
[1.239s] -- Found rmw_fastrtps_cpp: 6.2.7 (/opt/ros/humble/share/rmw_fastrtps_cpp/cmake)
[1.367s] -- Found OpenSSL: /usr/lib/x86_64-linux-gnu/libcrypto.so (found version "3.0.2")  
[1.406s] -- Found FastRTPS: /opt/ros/humble/include  
[1.457s] -- Using RMW implementation 'rmw_fastrtps_cpp' as default
[1.471s] -- Looking for pthread.h
[1.536s] -- Looking for pthread.h - found
[1.536s] -- Performing Test CMAKE_HAVE_LIBC_PTHREAD
[1.598s] -- Performing Test CMAKE_HAVE_LIBC_PTHREAD - Success
[1.599s] -- Found Threads: TRUE  
[1.656s] -- Found rclcpp_action: 16.0.11 (/opt/ros/humble/share/rclcpp_action/cmake)
[1.713s] -- Found nav_msgs: 4.2.4 (/opt/ros/humble/share/nav_msgs/cmake)
[1.736s] -- Found nav2_msgs: 1.1.17 (/opt/ros/humble/share/nav2_msgs/cmake)
[1.768s] -- Found ackermann_msgs: 2.0.2 (/opt/ros/humble/share/ackermann_msgs/cmake)
[1.793s] -- Found tf2: 0.25.11 (/opt/ros/humble/share/tf2/cmake)
[1.810s] -- Found tf2_ros: 0.25.11 (/opt/ros/humble/share/tf2_ros/cmake)
[1.935s] -- Found ament_lint_auto: 0.12.11 (/opt/ros/humble/share/ament_lint_auto/cmake)
[2.015s] -- Added test 'cppcheck' to perform static code analysis on C / C++ code
[2.015s] -- Configured cppcheck include dirs: 
[2.015s] -- Configured cppcheck exclude dirs and/or files: 
[2.016s] -- Added test 'flake8' to check Python code syntax and style conventions
[2.017s] -- Added test 'lint_cmake' to check CMake code style
[2.018s] -- Added test 'pep257' to check Python code against some of the docstring style conventions in PEP 257
[2.019s] -- Added test 'uncrustify' to check C / C++ code style
[2.019s] -- Configured uncrustify additional arguments: 
[2.020s] -- Added test 'xmllint' to check XML markup files
[2.022s] -- Configuring done
[2.041s] -- Generating done
[2.049s] -- Build files have been written to: /home/youngricky/graduation_project_ws/src/build/ackermancar_navigation2
