[0.051s] Invoking command in '/home/youngricky/graduation_project_ws/src/build/nav2_bt_navigator': CMAKE_PREFIX_PATH=${CMAKE_PREFIX_PATH}:/home/youngricky/graduation_project_ws/install/teb_msgs:/home/youngricky/gazebo_classic_ros2_ws/install/mbot_description:/home/youngricky/gazebo_classic_ros2_ws/install/argus_gazebo:/home/youngricky/webots_ws/install/webots_ros2_turtlebot_mppi:/opt/ros/humble /usr/bin/cmake /home/youngricky/graduation_project_ws/src/nav2_bt_navigator -DCMAKE_INSTALL_PREFIX=/home/youngricky/graduation_project_ws/src/install/nav2_bt_navigator
[0.106s] -- The C compiler identification is GNU 11.4.0
[0.153s] -- The CXX compiler identification is GNU 11.4.0
[0.161s] -- Detecting C compiler ABI info
[0.242s] -- Detecting C compiler ABI info - done
[0.250s] -- Check for working C compiler: /usr/bin/cc - skipped
[0.250s] -- Detecting C compile features
[0.250s] -- Detecting C compile features - done
[0.253s] -- Detecting CXX compiler ABI info
[0.343s] -- Detecting CXX compiler ABI info - done
[0.349s] -- Check for working CXX compiler: /usr/bin/c++ - skipped
[0.349s] -- Detecting CXX compile features
[0.349s] -- Detecting CXX compile features - done
[0.354s] -- Found ament_cmake: 1.3.11 (/opt/ros/humble/share/ament_cmake/cmake)
[0.781s] -- Found Python3: /usr/bin/python3 (found version "3.10.12") found components: Interpreter 
[0.901s] -- Found nav2_common: 1.1.17 (/opt/ros/humble/share/nav2_common/cmake)
[0.906s] -- Found rclcpp: 16.0.11 (/opt/ros/humble/share/rclcpp/cmake)
[0.980s] -- Found rosidl_generator_c: 3.1.6 (/opt/ros/humble/share/rosidl_generator_c/cmake)
[0.990s] -- Found rosidl_adapter: 3.1.6 (/opt/ros/humble/share/rosidl_adapter/cmake)
[1.003s] -- Found rosidl_generator_cpp: 3.1.6 (/opt/ros/humble/share/rosidl_generator_cpp/cmake)
[1.023s] -- Using all available rosidl_typesupport_c: rosidl_typesupport_fastrtps_c;rosidl_typesupport_introspection_c
[1.047s] -- Using all available rosidl_typesupport_cpp: rosidl_typesupport_fastrtps_cpp;rosidl_typesupport_introspection_cpp
[1.113s] -- Found rmw_implementation_cmake: 6.1.2 (/opt/ros/humble/share/rmw_implementation_cmake/cmake)
[1.120s] -- Found rmw_fastrtps_cpp: 6.2.7 (/opt/ros/humble/share/rmw_fastrtps_cpp/cmake)
[1.208s] -- Found OpenSSL: /usr/lib/x86_64-linux-gnu/libcrypto.so (found version "3.0.2")  
[1.238s] -- Found FastRTPS: /opt/ros/humble/include  
[1.279s] -- Using RMW implementation 'rmw_fastrtps_cpp' as default
[1.303s] -- Looking for pthread.h
[1.373s] -- Looking for pthread.h - found
[1.373s] -- Performing Test CMAKE_HAVE_LIBC_PTHREAD
[1.447s] -- Performing Test CMAKE_HAVE_LIBC_PTHREAD - Success
[1.448s] -- Found Threads: TRUE  
[1.527s] -- Found rclcpp_action: 16.0.11 (/opt/ros/humble/share/rclcpp_action/cmake)
[1.583s] -- Found rclcpp_lifecycle: 16.0.11 (/opt/ros/humble/share/rclcpp_lifecycle/cmake)
[1.618s] -- Found rclcpp_components: 16.0.11 (/opt/ros/humble/share/rclcpp_components/cmake)
[1.657s] -- Found geometry_msgs: 4.2.4 (/opt/ros/humble/share/geometry_msgs/cmake)
[1.670s] -- Found nav2_behavior_tree: 1.1.17 (/opt/ros/humble/share/nav2_behavior_tree/cmake)
[1.874s] -- Found eigen3_cmake_module: 0.1.1 (/opt/ros/humble/share/eigen3_cmake_module/cmake)
[1.875s] -- Found Eigen3: TRUE (found version "3.4.0") 
[1.876s] -- Ensuring Eigen3 include directory is part of orocos-kdl CMake target
[1.963s] -- Found nav2_core: 1.1.17 (/opt/ros/humble/share/nav2_core/cmake)
[2.105s] -- Setting build type to Release as none was specified.
[2.373s] -- Found ament_lint_auto: 0.12.11 (/opt/ros/humble/share/ament_lint_auto/cmake)
[2.459s] -- Added test 'copyright' to check source files copyright and LICENSE
[2.461s] -- Added test 'cppcheck' to perform static code analysis on C / C++ code
[2.461s] -- Configured cppcheck include dirs: /home/youngricky/graduation_project_ws/src/nav2_bt_navigator/include
[2.461s] -- Configured cppcheck exclude dirs and/or files: 
[2.462s] -- Added test 'cpplint' to check C / C++ code against the Google style
[2.462s] -- Configured cpplint exclude dirs and/or files: 
[2.463s] -- Added test 'lint_cmake' to check CMake code style
[2.464s] -- Added test 'uncrustify' to check C / C++ code style
[2.464s] -- Configured uncrustify additional arguments: 
[2.465s] -- Added test 'xmllint' to check XML markup files
[2.467s] -- Configuring done
[2.553s] -- Generating done
[2.559s] -- Build files have been written to: /home/youngricky/graduation_project_ws/src/build/nav2_bt_navigator
