[0.041s] Invoking command in '/home/youngricky/graduation_project_ws/src/build/nav2_mppi_controller': CMAKE_PREFIX_PATH=${CMAKE_PREFIX_PATH}:/home/youngricky/graduation_project_ws/install/teb_msgs:/home/youngricky/gazebo_classic_ros2_ws/install/mbot_description:/home/youngricky/gazebo_classic_ros2_ws/install/argus_gazebo:/home/youngricky/webots_ws/install/webots_ros2_turtlebot_mppi:/opt/ros/humble /usr/bin/cmake /home/youngricky/graduation_project_ws/src/nav2_mppi_controller -DCMAKE_INSTALL_PREFIX=/home/youngricky/graduation_project_ws/src/install/nav2_mppi_controller
[0.098s] -- The C compiler identification is GNU 11.4.0
[0.144s] -- The CXX compiler identification is GNU 11.4.0
[0.151s] -- Detecting C compiler ABI info
[0.229s] -- Detecting C compiler ABI info - done
[0.236s] -- Check for working C compiler: /usr/bin/cc - skipped
[0.236s] -- Detecting C compile features
[0.237s] -- Detecting C compile features - done
[0.240s] -- Detecting CXX compiler ABI info
[0.330s] -- Detecting CXX compiler ABI info - done
[0.337s] -- Check for working CXX compiler: /usr/bin/c++ - skipped
[0.338s] -- Detecting CXX compile features
[0.338s] -- Detecting CXX compile features - done
[0.345s] -- Found ament_cmake: 1.3.11 (/opt/ros/humble/share/ament_cmake/cmake)
[0.747s] -- Found Python3: /usr/bin/python3 (found version "3.10.12") found components: Interpreter 
[0.912s] -- Performing Test arch_native_supported
[0.999s] -- Performing Test arch_native_supported - Success
[1.015s] -- Found rclcpp: 16.0.11 (/opt/ros/humble/share/rclcpp/cmake)
[1.116s] -- Found rosidl_generator_c: 3.1.6 (/opt/ros/humble/share/rosidl_generator_c/cmake)
[1.131s] -- Found rosidl_adapter: 3.1.6 (/opt/ros/humble/share/rosidl_adapter/cmake)
[1.149s] -- Found rosidl_generator_cpp: 3.1.6 (/opt/ros/humble/share/rosidl_generator_cpp/cmake)
[1.173s] -- Using all available rosidl_typesupport_c: rosidl_typesupport_fastrtps_c;rosidl_typesupport_introspection_c
[1.206s] -- Using all available rosidl_typesupport_cpp: rosidl_typesupport_fastrtps_cpp;rosidl_typesupport_introspection_cpp
[1.304s] -- Found rmw_implementation_cmake: 6.1.2 (/opt/ros/humble/share/rmw_implementation_cmake/cmake)
[1.314s] -- Found rmw_fastrtps_cpp: 6.2.7 (/opt/ros/humble/share/rmw_fastrtps_cpp/cmake)
[1.440s] -- Found OpenSSL: /usr/lib/x86_64-linux-gnu/libcrypto.so (found version "3.0.2")  
[1.478s] -- Found FastRTPS: /opt/ros/humble/include  
[1.531s] -- Using RMW implementation 'rmw_fastrtps_cpp' as default
[1.546s] -- Looking for pthread.h
[1.613s] -- Looking for pthread.h - found
[1.613s] -- Performing Test CMAKE_HAVE_LIBC_PTHREAD
[1.689s] -- Performing Test CMAKE_HAVE_LIBC_PTHREAD - Success
[1.690s] -- Found Threads: TRUE  
[1.765s] -- Found nav2_common: 1.1.17 (/opt/ros/humble/share/nav2_common/cmake)
[1.772s] -- Found pluginlib: 5.1.0 (/opt/ros/humble/share/pluginlib/cmake)
[1.830s] -- Found tf2: 0.25.11 (/opt/ros/humble/share/tf2/cmake)
[1.860s] -- Found visualization_msgs: 4.2.4 (/opt/ros/humble/share/visualization_msgs/cmake)
[1.910s] -- Found nav_msgs: 4.2.4 (/opt/ros/humble/share/nav_msgs/cmake)
[1.932s] -- Found nav2_core: 1.1.17 (/opt/ros/humble/share/nav2_core/cmake)
[2.146s] -- Found Eigen3: TRUE (found version "3.4.0") 
[2.146s] -- Ensuring Eigen3 include directory is part of orocos-kdl CMake target
[2.216s] -- Found tf2_eigen: 0.25.11 (/opt/ros/humble/share/tf2_eigen/cmake)
[2.221s] -- Found ackermann_msgs: 2.0.2 (/opt/ros/humble/share/ackermann_msgs/cmake)
[2.228s] -- Setting build type to Release as none was specified.
[2.229s] -- Performing Test COMPILER_SUPPORTS_AVX512
[2.299s] -- Performing Test COMPILER_SUPPORTS_AVX512 - Success
[2.299s] -- Performing Test COMPILER_SUPPORTS_SSE4
[2.372s] -- Performing Test COMPILER_SUPPORTS_SSE4 - Success
[2.372s] -- Performing Test COMPILER_SUPPORTS_AVX2
[2.449s] -- Performing Test COMPILER_SUPPORTS_AVX2 - Success
[2.450s] -- Performing Test COMPILER_SUPPORTS_FMA
[2.537s] -- Performing Test COMPILER_SUPPORTS_FMA - Success
[2.700s] -- Found ament_lint_auto: 0.12.11 (/opt/ros/humble/share/ament_lint_auto/cmake)
[2.703s] -- Found ament_cmake_gtest: 1.3.11 (/opt/ros/humble/share/ament_cmake_gtest/cmake)
[2.781s] -- Found gtest sources under '/opt/ros/humble/src/gtest_vendor': C++ tests using 'Google Test' will be built
[3.659s] -- Added test 'cppcheck' to perform static code analysis on C / C++ code
[3.660s] -- Configured cppcheck include dirs: /home/youngricky/graduation_project_ws/src/nav2_mppi_controller/include
[3.660s] -- Configured cppcheck exclude dirs and/or files: 
[3.662s] -- Added test 'cpplint' to check C / C++ code against the Google style
[3.662s] -- Configured cpplint exclude dirs and/or files: 
[3.663s] -- Added test 'lint_cmake' to check CMake code style
[3.665s] -- Added test 'uncrustify' to check C / C++ code style
[3.665s] -- Configured uncrustify additional arguments: 
[3.666s] -- Added test 'xmllint' to check XML markup files
[3.669s] -- Configuring done
[3.989s] -- Generating done
[4.032s] -- Build files have been written to: /home/youngricky/graduation_project_ws/src/build/nav2_mppi_controller
