[0.044s] Invoking command in '/home/youngricky/graduation_project_ws/src/build/nav2_constrained_smoother': CMAKE_PREFIX_PATH=${CMAKE_PREFIX_PATH}:/home/youngricky/graduation_project_ws/install/teb_msgs:/home/youngricky/gazebo_classic_ros2_ws/install/mbot_description:/home/youngricky/gazebo_classic_ros2_ws/install/argus_gazebo:/home/youngricky/webots_ws/install/webots_ros2_turtlebot_mppi:/opt/ros/humble /usr/bin/cmake /home/youngricky/graduation_project_ws/src/nav2_constrained_smoother -DCMAKE_INSTALL_PREFIX=/home/youngricky/graduation_project_ws/src/install/nav2_constrained_smoother
[0.108s] -- The C compiler identification is GNU 11.4.0
[0.158s] -- The CXX compiler identification is GNU 11.4.0
[0.167s] -- Detecting C compiler ABI info
[0.243s] -- Detecting C compiler ABI info - done
[0.249s] -- Check for working C compiler: /usr/bin/cc - skipped
[0.249s] -- Detecting C compile features
[0.250s] -- Detecting C compile features - done
[0.253s] -- Detecting CXX compiler ABI info
[0.346s] -- Detecting CXX compiler ABI info - done
[0.354s] -- Check for working CXX compiler: /usr/bin/c++ - skipped
[0.354s] -- Detecting CXX compile features
[0.355s] -- Detecting CXX compile features - done
[0.361s] -- Found ament_cmake: 1.3.11 (/opt/ros/humble/share/ament_cmake/cmake)
[0.784s] -- Found Python3: /usr/bin/python3 (found version "3.10.12") found components: Interpreter 
[0.970s] -- Found nav2_core: 1.1.17 (/opt/ros/humble/share/nav2_core/cmake)
[1.092s] -- Found rosidl_generator_c: 3.1.6 (/opt/ros/humble/share/rosidl_generator_c/cmake)
[1.108s] -- Found rosidl_adapter: 3.1.6 (/opt/ros/humble/share/rosidl_adapter/cmake)
[1.126s] -- Found rosidl_generator_cpp: 3.1.6 (/opt/ros/humble/share/rosidl_generator_cpp/cmake)
[1.150s] -- Using all available rosidl_typesupport_c: rosidl_typesupport_fastrtps_c;rosidl_typesupport_introspection_c
[1.183s] -- Using all available rosidl_typesupport_cpp: rosidl_typesupport_fastrtps_cpp;rosidl_typesupport_introspection_cpp
[1.280s] -- Found rmw_implementation_cmake: 6.1.2 (/opt/ros/humble/share/rmw_implementation_cmake/cmake)
[1.286s] -- Found rmw_fastrtps_cpp: 6.2.7 (/opt/ros/humble/share/rmw_fastrtps_cpp/cmake)
[1.407s] -- Found OpenSSL: /usr/lib/x86_64-linux-gnu/libcrypto.so (found version "3.0.2")  
[1.439s] -- Found FastRTPS: /opt/ros/humble/include  
[1.487s] -- Using RMW implementation 'rmw_fastrtps_cpp' as default
[1.502s] -- Looking for pthread.h
[1.563s] -- Looking for pthread.h - found
[1.564s] -- Performing Test CMAKE_HAVE_LIBC_PTHREAD
[1.624s] -- Performing Test CMAKE_HAVE_LIBC_PTHREAD - Success
[1.625s] -- Found Threads: TRUE  
[1.980s] -- Found Eigen3: TRUE (found version "3.4.0") 
[1.980s] -- Ensuring Eigen3 include directory is part of orocos-kdl CMake target
[2.160s] -- Found nav2_common: 1.1.17 (/opt/ros/humble/share/nav2_common/cmake)
[2.172s] -- Found required Ceres dependency: Eigen version 3.4.0 in /usr/include/eigen3
[2.193s] -- Found required Ceres dependency: glog
[2.193s] -- Found required Ceres dependency: gflags
[2.194s] -- Found Ceres version: 2.0.0 installed in: /usr with components: [EigenSparse, SparseLinearAlgebraLibrary, LAPACK, SuiteSparse, CXSparse, SchurSpecializations, Multithreading]
[2.300s] -- Found ament_lint_auto: 0.12.11 (/opt/ros/humble/share/ament_lint_auto/cmake)
[2.401s] -- Found gtest sources under '/opt/ros/humble/src/gtest_vendor': C++ tests using 'Google Test' will be built
[2.568s] -- Added test 'cppcheck' to perform static code analysis on C / C++ code
[2.569s] -- Configured cppcheck include dirs: /home/youngricky/graduation_project_ws/src/nav2_constrained_smoother/include
[2.569s] -- Configured cppcheck exclude dirs and/or files: 
[2.570s] -- Added test 'cpplint' to check C / C++ code against the Google style
[2.570s] -- Configured cpplint exclude dirs and/or files: 
[2.571s] -- Added test 'lint_cmake' to check CMake code style
[2.572s] -- Added test 'uncrustify' to check C / C++ code style
[2.572s] -- Configured uncrustify additional arguments: 
[2.572s] -- Added test 'xmllint' to check XML markup files
[2.575s] -- Configuring done
[2.652s] -- Generating done
[2.662s] -- Build files have been written to: /home/youngricky/graduation_project_ws/src/build/nav2_constrained_smoother
